<?xml version="1.0" encoding="UTF-8"?>
<!-- Generated by org.testng.reporters.JUnitXMLReporter -->
<testsuite ignored="0" hostname="Shreyul" failures="0" tests="13" name="Test" time="182.254" errors="0" timestamp="2023-06-12T17:52:33 EDT">
  <testcase classname="testcases.LoginPageTest" name="loginPageTitleTest" time="0.073"/>
  <testcase classname="testcases.LoginPageTest" name="loginTest" time="4.768"/>
  <testcase classname="testcases.HomePageTest" name="verifyHomePageTitleTest" time="2.791"/>
  <testcase classname="testcases.HomePageTest" name="verifyCorrectuserNameTest" time="3.579"/>
  <testcase classname="testcases.HomePageTest" name="SavedPageTest" time="3.559"/>
  <testcase classname="testcases.HomePageTest" name="FashionPageTest" time="5.694"/>
  <testcase classname="testcases.HomePageTest" name="verifyProfileNameTest" time="4.031"/>
  <testcase classname="testcases.FashionPageTest" name="verifyFashionPageTitleTest" time="0.147"/>
  <testcase classname="testcases.FashionPageTest" name="verifyFashionCategoriesListTest" time="0.949"/>
  <testcase classname="testcases.SavedPageTest" name="verifySavedPageTest" time="0.102"/>
  <testcase classname="testcases.SavedPageTest" name="backToHomePageTest" time="1.506"/>
  <testcase classname="testcases.AddToCartPageTest" name="AddFirstItemToCart" time="7.184"/>
  <testcase classname="testcases.AddToCartPageTest" name="DeliveryPageTest" time="19.285"/>
</testsuite> <!-- Test -->
