<?xml version="1.0" encoding="UTF-8"?>
<testng-results ignored="0" total="1" passed="1" failed="0" skipped="0">
  <reporter-output>
  </reporter-output>
  <suite started-at="2023-06-26T12:43:46 EDT" name="Default suite" finished-at="2023-06-26T12:43:59 EDT" duration-ms="13262">
    <groups>
    </groups>
    <test started-at="2023-06-26T12:43:46 EDT" name="Default test" finished-at="2023-06-26T12:43:59 EDT" duration-ms="13262">
      <class name="testcases.HomePageTest">
        <test-method is-config="true" signature="setUp()[pri:0, instance:testcases.HomePageTest@5d534f5d]" started-at="2023-06-26T12:43:46 EDT" name="setUp" finished-at="2023-06-26T12:43:56 EDT" duration-ms="9622" status="PASS">
          <reporter-output>
          </reporter-output>
        </test-method> <!-- setUp -->
        <test-method signature="verifyCorrectuserNameTest()[pri:2, instance:testcases.HomePageTest@5d534f5d]" started-at="2023-06-26T12:43:56 EDT" name="verifyCorrectuserNameTest" finished-at="2023-06-26T12:43:58 EDT" duration-ms="2635" status="PASS">
          <reporter-output>
          </reporter-output>
        </test-method> <!-- verifyCorrectuserNameTest -->
        <test-method is-config="true" signature="tearDown()[pri:0, instance:testcases.HomePageTest@5d534f5d]" started-at="2023-06-26T12:43:58 EDT" name="tearDown" finished-at="2023-06-26T12:43:59 EDT" duration-ms="927" status="PASS">
          <reporter-output>
          </reporter-output>
        </test-method> <!-- tearDown -->
      </class> <!-- testcases.HomePageTest -->
    </test> <!-- Default test -->
  </suite> <!-- Default suite -->
</testng-results>
